<?xml version="1.0" encoding="UTF-8"?>
<coverage generated="1554906075422" clover="3.2.0">
  <project timestamp="1554906075422" name="All files">
    <metrics statements="34" coveredstatements="16" conditionals="9" coveredconditionals="7" methods="33" coveredmethods="15" elements="76" coveredelements="38" complexity="0" loc="34" ncloc="34" packages="1" files="4" classes="4"/>
    <file name="helper.js" path="C:\Users\석진\project\fp-study\Chapter7\Olaf\validation\helper.js">
      <metrics statements="5" coveredstatements="5" conditionals="3" coveredconditionals="3" methods="5" coveredmethods="5"/>
      <line num="2" count="1" type="cond" truecount="3" falsecount="0"/>
      <line num="6" count="2" type="stmt"/>
      <line num="7" count="2" type="stmt"/>
      <line num="12" count="1" type="stmt"/>
      <line num="13" count="1" type="stmt"/>
    </file>
    <file name="io.js" path="C:\Users\석진\project\fp-study\Chapter7\Olaf\validation\io.js">
      <metrics statements="6" coveredstatements="3" conditionals="0" coveredconditionals="0" methods="6" coveredmethods="3"/>
      <line num="3" count="1" type="stmt"/>
      <line num="7" count="1" type="stmt"/>
      <line num="11" count="0" type="stmt"/>
      <line num="13" count="0" type="stmt"/>
      <line num="19" count="1" type="stmt"/>
      <line num="23" count="0" type="stmt"/>
    </file>
    <file name="maybe.js" path="C:\Users\석진\project\fp-study\Chapter7\Olaf\validation\maybe.js">
      <metrics statements="9" coveredstatements="5" conditionals="4" coveredconditionals="4" methods="8" coveredmethods="4"/>
      <line num="5" count="2" type="cond" truecount="4" falsecount="0"/>
      <line num="11" count="1" type="stmt"/>
      <line num="12" count="1" type="stmt"/>
      <line num="16" count="1" type="stmt"/>
      <line num="20" count="0" type="stmt"/>
      <line num="24" count="0" type="stmt"/>
      <line num="30" count="0" type="stmt"/>
      <line num="34" count="0" type="stmt"/>
      <line num="38" count="1" type="stmt"/>
    </file>
    <file name="validation.js" path="C:\Users\석진\project\fp-study\Chapter7\Olaf\validation\validation.js">
      <metrics statements="14" coveredstatements="3" conditionals="2" coveredconditionals="0" methods="14" coveredmethods="3"/>
      <line num="3" count="1" type="stmt"/>
      <line num="7" count="0" type="stmt"/>
      <line num="11" count="0" type="stmt"/>
      <line num="15" count="1" type="stmt"/>
      <line num="21" count="0" type="stmt"/>
      <line num="25" count="0" type="stmt"/>
      <line num="29" count="0" type="stmt"/>
      <line num="33" count="0" type="stmt"/>
      <line num="37" count="1" type="stmt"/>
      <line num="43" count="0" type="stmt"/>
      <line num="47" count="0" type="stmt"/>
      <line num="51" count="0" type="stmt"/>
      <line num="55" count="0" type="cond" truecount="0" falsecount="2"/>
      <line num="59" count="0" type="stmt"/>
    </file>
  </project>
</coverage>
