TN:
SF:C:\Users\석진\project\fp-study\Chapter7\Olaf\validation\helper.js
FN:1,isEmpty
FN:5,isTooShort
FN:6,(anonymous_2)
FN:11,isTooLong
FN:12,(anonymous_4)
FNF:5
FNH:5
FNDA:1,isEmpty
FNDA:2,isTooShort
FNDA:2,(anonymous_2)
FNDA:1,isTooLong
FNDA:1,(anonymous_4)
DA:2,1
DA:6,2
DA:7,2
DA:12,1
DA:13,1
LF:5
LH:5
BRDA:2,0,0,1
BRDA:2,0,1,1
BRDA:2,0,2,1
BRF:3
BRH:3
end_of_record
TN:
SF:C:\Users\석진\project\fp-study\Chapter7\Olaf\validation\io.js
FN:2,(anonymous_0)
FN:6,(anonymous_1)
FN:10,(anonymous_2)
FN:12,(anonymous_3)
FN:18,(anonymous_4)
FN:22,(anonymous_5)
FNF:6
FNH:3
FNDA:1,(anonymous_0)
FNDA:1,(anonymous_1)
FNDA:0,(anonymous_2)
FNDA:0,(anonymous_3)
FNDA:1,(anonymous_4)
FNDA:0,(anonymous_5)
DA:3,1
DA:7,1
DA:11,0
DA:13,0
DA:19,1
DA:23,0
LF:6
LH:3
BRF:0
BRH:0
end_of_record
TN:
SF:C:\Users\석진\project\fp-study\Chapter7\Olaf\validation\maybe.js
FN:4,(anonymous_0)
FN:10,(anonymous_1)
FN:15,(anonymous_2)
FN:19,(anonymous_3)
FN:23,(anonymous_4)
FN:29,(anonymous_5)
FN:33,(anonymous_6)
FN:37,(anonymous_7)
FNF:8
FNH:4
FNDA:2,(anonymous_0)
FNDA:1,(anonymous_1)
FNDA:1,(anonymous_2)
FNDA:0,(anonymous_3)
FNDA:0,(anonymous_4)
FNDA:0,(anonymous_5)
FNDA:0,(anonymous_6)
FNDA:1,(anonymous_7)
DA:5,2
DA:11,1
DA:12,1
DA:16,1
DA:20,0
DA:24,0
DA:30,0
DA:34,0
DA:38,1
LF:9
LH:5
BRDA:5,0,0,1
BRDA:5,0,1,1
BRDA:5,1,0,2
BRDA:5,1,1,1
BRF:4
BRH:4
end_of_record
TN:
SF:C:\Users\석진\project\fp-study\Chapter7\Olaf\validation\validation.js
FN:2,(anonymous_0)
FN:6,(anonymous_1)
FN:10,(anonymous_2)
FN:14,(anonymous_3)
FN:20,(anonymous_4)
FN:24,(anonymous_5)
FN:28,(anonymous_6)
FN:32,(anonymous_7)
FN:36,(anonymous_8)
FN:42,(anonymous_9)
FN:46,(anonymous_10)
FN:50,(anonymous_11)
FN:54,(anonymous_12)
FN:58,(anonymous_13)
FNF:14
FNH:3
FNDA:1,(anonymous_0)
FNDA:0,(anonymous_1)
FNDA:0,(anonymous_2)
FNDA:1,(anonymous_3)
FNDA:0,(anonymous_4)
FNDA:0,(anonymous_5)
FNDA:0,(anonymous_6)
FNDA:0,(anonymous_7)
FNDA:1,(anonymous_8)
FNDA:0,(anonymous_9)
FNDA:0,(anonymous_10)
FNDA:0,(anonymous_11)
FNDA:0,(anonymous_12)
FNDA:0,(anonymous_13)
DA:3,1
DA:7,0
DA:11,0
DA:15,1
DA:21,0
DA:25,0
DA:29,0
DA:33,0
DA:37,1
DA:43,0
DA:47,0
DA:51,0
DA:55,0
DA:59,0
LF:14
LH:3
BRDA:55,0,0,0
BRDA:55,0,1,0
BRF:2
BRH:0
end_of_record
